<?xml version="1.0" encoding="UTF-8"?>
<!-- Generated by org.testng.reporters.JUnitReportReporter -->
<testsuite skipped="0" hostname="DESKTOP-27L8JE7" name="com.project.SuiteA.LoginTest" tests="2" failures="0" timestamp="10 Jun 2020 03:33:26 GMT" time="49.274" errors="0">
  <testcase name="loginTest" time="28.190" classname="com.project.SuiteA.LoginTest"/>
  <testcase name="loginTest" time="21.084" classname="com.project.SuiteA.LoginTest"/>
</testsuite> <!-- com.project.SuiteA.LoginTest -->
