<?xml version="1.0" encoding="UTF-8"?>
<!-- Generated by org.testng.reporters.JUnitReportReporter -->
<testsuite skipped="1" hostname="DESKTOP-27L8JE7" name="com.project.SuiteA.LoginTest" tests="2" failures="0" timestamp="04 Jun 2020 03:28:40 GMT" time="16.593" errors="0">
  <testcase name="loginTest" time="0.003" classname="com.project.SuiteA.LoginTest">
    <skipped/>
  </testcase> <!-- loginTest -->
  <testcase name="loginTest" time="16.590" classname="com.project.SuiteA.LoginTest"/>
</testsuite> <!-- com.project.SuiteA.LoginTest -->
