<?xml version="1.0" encoding="UTF-8"?>
<!-- Generated by org.testng.reporters.JUnitReportReporter -->
<testsuite skipped="1" hostname="DESKTOP-27L8JE7" name="com.project.SuiteA.LoginTest" tests="2" failures="0" timestamp="18 Jun 2020 03:19:30 GMT" time="192.667" errors="0">
  <testcase name="loginTest" time="192.452" classname="com.project.SuiteA.LoginTest"/>
  <testcase name="loginTest" time="0.215" classname="com.project.SuiteA.LoginTest">
    <skipped/>
  </testcase> <!-- loginTest -->
</testsuite> <!-- com.project.SuiteA.LoginTest -->
