<?xml version="1.0" encoding="UTF-8"?>
<!-- Generated by org.testng.reporters.JUnitReportReporter -->
<testsuite skipped="1" hostname="DESKTOP-27L8JE7" name="com.project.SuiteA.LoginTest" tests="2" failures="0" timestamp="17 Jun 2020 03:24:24 GMT" time="20.609" errors="0">
  <testcase name="loginTest" time="20.095" classname="com.project.SuiteA.LoginTest"/>
  <testcase name="loginTest" time="0.514" classname="com.project.SuiteA.LoginTest">
    <skipped/>
  </testcase> <!-- loginTest -->
</testsuite> <!-- com.project.SuiteA.LoginTest -->
