<?xml version="1.0" encoding="UTF-8"?>
<!-- Generated by org.testng.reporters.JUnitReportReporter -->
<testsuite skipped="0" hostname="DESKTOP-27L8JE7" name="com.project.SuiteA.LoginTest" tests="2" failures="0" timestamp="09 Jun 2020 02:41:34 GMT" time="102.698" errors="0">
  <testcase name="loginTest" time="29.240" classname="com.project.SuiteA.LoginTest"/>
  <testcase name="loginTest" time="73.458" classname="com.project.SuiteA.LoginTest"/>
</testsuite> <!-- com.project.SuiteA.LoginTest -->
